[0.025s] Invoking command in '/home/dharani/ros2_ws/build/ros2_custom_msgs': /usr/bin/cmake /home/dharani/ros2_ws/src -DCATKIN_INSTALL_INTO_PREFIX_ROOT=0 -DCMAKE_INSTALL_PREFIX=/home/dharani/ros2_ws/install/ros2_custom_msgs
[0.439s] -- The C compiler identification is GNU 13.3.0
[0.644s] -- The CXX compiler identification is GNU 13.3.0
[0.686s] -- Detecting C compiler ABI info
[0.901s] -- Detecting C compiler ABI info - done
[0.938s] -- Check for working C compiler: /usr/bin/cc - skipped
[0.945s] -- Detecting C compile features
[0.955s] -- Detecting C compile features - done
[1.019s] -- Detecting CXX compiler ABI info
[1.352s] -- Detecting CXX compiler ABI info - done
[1.356s] -- Check for working CXX compiler: /usr/bin/c++ - skipped
[1.359s] -- Detecting CXX compile features
[1.362s] -- Detecting CXX compile features - done
[1.374s] -- Found ament_cmake: 2.5.5 (/opt/ros/jazzy/share/ament_cmake/cmake)
[1.637s] -- Found Python3: /usr/bin/python3 (found version "3.12.3") found components: Interpreter 
[1.859s] -- Found rclcpp: 28.1.16 (/opt/ros/jazzy/share/rclcpp/cmake)
[1.928s] -- Found rosidl_generator_c: 4.6.7 (/opt/ros/jazzy/share/rosidl_generator_c/cmake)
[1.954s] -- Found rosidl_generator_cpp: 4.6.7 (/opt/ros/jazzy/share/rosidl_generator_cpp/cmake)
[1.983s] -- Using all available rosidl_typesupport_c: rosidl_typesupport_fastrtps_c;rosidl_typesupport_introspection_c
[2.010s] -- Using all available rosidl_typesupport_cpp: rosidl_typesupport_fastrtps_cpp;rosidl_typesupport_introspection_cpp
[2.146s] -- Found rmw_implementation_cmake: 7.3.3 (/opt/ros/jazzy/share/rmw_implementation_cmake/cmake)
[2.146s] -- Found rmw_fastrtps_cpp: 8.4.3 (/opt/ros/jazzy/share/rmw_fastrtps_cpp/cmake)
[2.351s] -- Found OpenSSL: /usr/lib/x86_64-linux-gnu/libcrypto.so (found version "3.0.13")  
[2.392s] -- Found FastRTPS: /opt/ros/jazzy/include (Required is at least version "2.13") 
[2.439s] -- Using RMW implementation 'rmw_fastrtps_cpp' as default
[2.570s] -- Found rosidl_default_generators: 1.6.0 (/opt/ros/jazzy/share/rosidl_default_generators/cmake)
[2.595s] -- Found rosidl_adapter: 4.6.7 (/opt/ros/jazzy/share/rosidl_adapter/cmake)
[3.402s] -- Found ament_cmake_ros: 0.12.0 (/opt/ros/jazzy/share/ament_cmake_ros/cmake)
[4.594s] -- Using all available rosidl_typesupport_c: rosidl_typesupport_fastrtps_c;rosidl_typesupport_introspection_c
[5.077s] -- Using all available rosidl_typesupport_cpp: rosidl_typesupport_fastrtps_cpp;rosidl_typesupport_introspection_cpp
[5.079s] -- Found python_cmake_module: 0.11.1 (/opt/ros/jazzy/share/python_cmake_module/cmake)
[5.321s] -- Found PythonExtra: /usr/bin/python3  
[6.069s] -- Found Python3: /usr/bin/python3 (found version "3.12.3") found components: Interpreter Development NumPy Development.Module Development.Embed 
[6.113s] [0mCMake Deprecation Warning at /opt/ros/jazzy/share/rosidl_cmake/cmake/rosidl_target_interfaces.cmake:32 (message):
[6.113s]   Use rosidl_get_typesupport_target() and target_link_libraries() instead of
[6.114s]   rosidl_target_interfaces().  i.e:
[6.114s] 
[6.114s]     rosidl_get_typesupport_target(cpp_typesupport_target "${PROJECT_NAME}" "rosidl_typesupport_cpp")
[6.114s]     target_link_libraries(${PROJECT_NAME}_node "${cpp_typesupport_target}")
[6.114s] 
[6.114s] Call Stack (most recent call first):
[6.114s]   CMakeLists.txt:20 (rosidl_target_interfaces)
[6.114s] 
[6.114s] [0m
[6.124s] -- Configuring done (6.0s)
[6.184s] -- Generating done (0.1s)
[6.192s] [33mCMake Warning:
[6.192s]   Manually-specified variables were not used by the project:
[6.192s] 
[6.193s]     CATKIN_INSTALL_INTO_PREFIX_ROOT
[6.193s] 
[6.193s] [0m
[6.205s] -- Build files have been written to: /home/dharani/ros2_ws/build/ros2_custom_msgs
[6.232s] Invoked command in '/home/dharani/ros2_ws/build/ros2_custom_msgs' returned '0': /usr/bin/cmake /home/dharani/ros2_ws/src -DCATKIN_INSTALL_INTO_PREFIX_ROOT=0 -DCMAKE_INSTALL_PREFIX=/home/dharani/ros2_ws/install/ros2_custom_msgs
[6.234s] Invoking command in '/home/dharani/ros2_ws/build/ros2_custom_msgs': /usr/bin/cmake --build /home/dharani/ros2_ws/build/ros2_custom_msgs -- -j2 -l2
[6.363s] [  2%] [34m[1mGenerating type hashes for ROS interfaces[0m
[6.387s] [  2%] Built target ament_cmake_python_copy_ros2_custom_msgs
[6.698s] [  2%] Built target ros2_custom_msgs__rosidl_generator_type_description
[6.769s] running egg_info
[6.771s] creating ros2_custom_msgs.egg-info
[6.795s] writing ros2_custom_msgs.egg-info/PKG-INFO
[6.795s] writing dependency_links to ros2_custom_msgs.egg-info/dependency_links.txt
[6.795s] writing top-level names to ros2_custom_msgs.egg-info/top_level.txt
[6.795s] writing manifest file 'ros2_custom_msgs.egg-info/SOURCES.txt'
[6.796s] [  5%] [34m[1mGenerating C++ code for ROS interfaces[0m
[6.924s] reading manifest file 'ros2_custom_msgs.egg-info/SOURCES.txt'
[6.924s] writing manifest file 'ros2_custom_msgs.egg-info/SOURCES.txt'
[7.050s] [  5%] Built target ament_cmake_python_build_ros2_custom_msgs_egg
[7.084s] [  8%] [34m[1mGenerating C code for ROS interfaces[0m
[7.221s] [  8%] Built target ros2_custom_msgs__cpp
[7.409s] [ 11%] [32mBuilding C object CMakeFiles/ros2_custom_msgs__rosidl_generator_c.dir/rosidl_generator_c/ros2_custom_msgs/msg/detail/robot_status__description.c.o[0m
[7.420s] [ 13%] [32mBuilding C object CMakeFiles/ros2_custom_msgs__rosidl_generator_c.dir/rosidl_generator_c/ros2_custom_msgs/msg/detail/robot_status__functions.c.o[0m
[7.574s] [ 16%] [32mBuilding C object CMakeFiles/ros2_custom_msgs__rosidl_generator_c.dir/rosidl_generator_c/ros2_custom_msgs/msg/detail/robot_status__type_support.c.o[0m
[7.690s] [ 19%] [32m[1mLinking C shared library libros2_custom_msgs__rosidl_generator_c.so[0m
[7.768s] [ 19%] Built target ros2_custom_msgs__rosidl_generator_c
[7.788s] [ 22%] [34m[1mGenerating C type support for eProsima Fast-RTPS[0m
[7.789s] [ 25%] [34m[1mGenerating C++ type support dispatch for ROS interfaces[0m
[8.028s] [ 27%] [32mBuilding CXX object CMakeFiles/ros2_custom_msgs__rosidl_typesupport_cpp.dir/rosidl_typesupport_cpp/ros2_custom_msgs/msg/robot_status__type_support.cpp.o[0m
[8.070s] [ 30%] [32mBuilding CXX object CMakeFiles/ros2_custom_msgs__rosidl_typesupport_fastrtps_c.dir/rosidl_typesupport_fastrtps_c/ros2_custom_msgs/msg/detail/robot_status__type_support_c.cpp.o[0m
[8.456s] [ 33%] [32m[1mLinking CXX shared library libros2_custom_msgs__rosidl_typesupport_cpp.so[0m
[8.537s] [ 33%] Built target ros2_custom_msgs__rosidl_typesupport_cpp
[8.556s] [ 36%] [34m[1mGenerating C++ type support for eProsima Fast-RTPS[0m
[8.995s] [ 38%] [32mBuilding CXX object CMakeFiles/ros2_custom_msgs__rosidl_typesupport_fastrtps_cpp.dir/rosidl_typesupport_fastrtps_cpp/ros2_custom_msgs/msg/detail/dds_fastrtps/robot_status__type_support.cpp.o[0m
[9.030s] [ 41%] [32m[1mLinking CXX shared library libros2_custom_msgs__rosidl_typesupport_fastrtps_c.so[0m
[9.535s] [ 41%] Built target ros2_custom_msgs__rosidl_typesupport_fastrtps_c
[9.611s] [ 44%] [34m[1mGenerating C introspection for ROS interfaces[0m
[9.690s] [ 47%] [32m[1mLinking CXX shared library libros2_custom_msgs__rosidl_typesupport_fastrtps_cpp.so[0m
[9.988s] [ 47%] Built target ros2_custom_msgs__rosidl_typesupport_fastrtps_cpp
[10.068s] [ 50%] [34m[1mGenerating C type support dispatch for ROS interfaces[0m
[10.277s] [ 52%] [32mBuilding C object CMakeFiles/ros2_custom_msgs__rosidl_typesupport_introspection_c.dir/rosidl_typesupport_introspection_c/ros2_custom_msgs/msg/detail/robot_status__type_support.c.o[0m
[10.437s] [ 55%] [32m[1mLinking C shared library libros2_custom_msgs__rosidl_typesupport_introspection_c.so[0m
[10.580s] [ 55%] Built target ros2_custom_msgs__rosidl_typesupport_introspection_c
[10.594s] [ 58%] [32mBuilding CXX object CMakeFiles/ros2_custom_msgs__rosidl_typesupport_c.dir/rosidl_typesupport_c/ros2_custom_msgs/msg/robot_status__type_support.cpp.o[0m
[10.599s] [ 61%] [34m[1mGenerating C++ introspection for ROS interfaces[0m
[10.691s] [ 63%] [32m[1mLinking CXX shared library libros2_custom_msgs__rosidl_typesupport_c.so[0m
[10.772s] [ 63%] Built target ros2_custom_msgs__rosidl_typesupport_c
[10.920s] [ 66%] [32mBuilding CXX object CMakeFiles/ros2_custom_msgs__rosidl_typesupport_introspection_cpp.dir/rosidl_typesupport_introspection_cpp/ros2_custom_msgs/msg/detail/robot_status__type_support.cpp.o[0m
[11.271s] [ 69%] [32m[1mLinking CXX shared library libros2_custom_msgs__rosidl_typesupport_introspection_cpp.so[0m
[11.352s] [ 69%] Built target ros2_custom_msgs__rosidl_typesupport_introspection_cpp
[11.388s] [ 69%] Built target ros2_custom_msgs
[11.428s] [ 72%] [34m[1mGenerating Python code for ROS interfaces[0m
[11.438s] [ 75%] [32mBuilding CXX object CMakeFiles/status_publisher.dir/src/status_publisher.cpp.o[0m
[11.725s] [ 75%] Built target ros2_custom_msgs__py
[12.841s] [ 77%] [32mBuilding C object CMakeFiles/ros2_custom_msgs__rosidl_generator_py.dir/rosidl_generator_py/ros2_custom_msgs/msg/_robot_status_s.c.o[0m
[13.040s] [ 80%] [32m[1mLinking C shared library libros2_custom_msgs__rosidl_generator_py.so[0m
[13.125s] [ 80%] Built target ros2_custom_msgs__rosidl_generator_py
[13.161s] [ 83%] [32mBuilding C object CMakeFiles/ros2_custom_msgs_s__rosidl_typesupport_fastrtps_c.dir/rosidl_generator_py/ros2_custom_msgs/_ros2_custom_msgs_s.ep.rosidl_typesupport_fastrtps_c.c.o[0m
[13.265s] [ 86%] [32m[1mLinking C shared module rosidl_generator_py/ros2_custom_msgs/ros2_custom_msgs_s__rosidl_typesupport_fastrtps_c.so[0m
[13.307s] [ 86%] Built target ros2_custom_msgs_s__rosidl_typesupport_fastrtps_c
[13.336s] [ 88%] [32mBuilding C object CMakeFiles/ros2_custom_msgs_s__rosidl_typesupport_introspection_c.dir/rosidl_generator_py/ros2_custom_msgs/_ros2_custom_msgs_s.ep.rosidl_typesupport_introspection_c.c.o[0m
[13.449s] [ 91%] [32m[1mLinking C shared module rosidl_generator_py/ros2_custom_msgs/ros2_custom_msgs_s__rosidl_typesupport_introspection_c.so[0m
[13.509s] [ 91%] Built target ros2_custom_msgs_s__rosidl_typesupport_introspection_c
[13.545s] [ 94%] [32mBuilding C object CMakeFiles/ros2_custom_msgs_s__rosidl_typesupport_c.dir/rosidl_generator_py/ros2_custom_msgs/_ros2_custom_msgs_s.ep.rosidl_typesupport_c.c.o[0m
[13.687s] [ 97%] [32m[1mLinking C shared module rosidl_generator_py/ros2_custom_msgs/ros2_custom_msgs_s__rosidl_typesupport_c.so[0m
[13.896s] [ 97%] Built target ros2_custom_msgs_s__rosidl_typesupport_c
[18.691s] [100%] [32m[1mLinking CXX executable status_publisher[0m
[19.004s] [100%] Built target status_publisher
[19.023s] Invoked command in '/home/dharani/ros2_ws/build/ros2_custom_msgs' returned '0': /usr/bin/cmake --build /home/dharani/ros2_ws/build/ros2_custom_msgs -- -j2 -l2
[19.038s] Invoking command in '/home/dharani/ros2_ws/build/ros2_custom_msgs': /usr/bin/cmake --install /home/dharani/ros2_ws/build/ros2_custom_msgs
[19.051s] -- Install configuration: ""
[19.051s] -- Installing: /home/dharani/ros2_ws/install/ros2_custom_msgs/share/ament_index/resource_index/rosidl_interfaces/ros2_custom_msgs
[19.052s] -- Installing: /home/dharani/ros2_ws/install/ros2_custom_msgs/share/ros2_custom_msgs/msg/RobotStatus.json
[19.052s] -- Installing: /home/dharani/ros2_ws/install/ros2_custom_msgs/include/ros2_custom_msgs/ros2_custom_msgs
[19.053s] -- Installing: /home/dharani/ros2_ws/install/ros2_custom_msgs/include/ros2_custom_msgs/ros2_custom_msgs/msg
[19.053s] -- Installing: /home/dharani/ros2_ws/install/ros2_custom_msgs/include/ros2_custom_msgs/ros2_custom_msgs/msg/detail
[19.053s] -- Installing: /home/dharani/ros2_ws/install/ros2_custom_msgs/include/ros2_custom_msgs/ros2_custom_msgs/msg/detail/robot_status__functions.c
[19.053s] -- Installing: /home/dharani/ros2_ws/install/ros2_custom_msgs/include/ros2_custom_msgs/ros2_custom_msgs/msg/detail/robot_status__type_support.c
[19.053s] -- Installing: /home/dharani/ros2_ws/install/ros2_custom_msgs/include/ros2_custom_msgs/ros2_custom_msgs/msg/detail/robot_status__functions.h
[19.053s] -- Installing: /home/dharani/ros2_ws/install/ros2_custom_msgs/include/ros2_custom_msgs/ros2_custom_msgs/msg/detail/robot_status__type_support.h
[19.053s] -- Installing: /home/dharani/ros2_ws/install/ros2_custom_msgs/include/ros2_custom_msgs/ros2_custom_msgs/msg/detail/robot_status__description.c
[19.053s] -- Installing: /home/dharani/ros2_ws/install/ros2_custom_msgs/include/ros2_custom_msgs/ros2_custom_msgs/msg/detail/robot_status__struct.h
[19.053s] -- Installing: /home/dharani/ros2_ws/install/ros2_custom_msgs/include/ros2_custom_msgs/ros2_custom_msgs/msg/robot_status.h
[19.053s] -- Installing: /home/dharani/ros2_ws/install/ros2_custom_msgs/include/ros2_custom_msgs/ros2_custom_msgs/msg/rosidl_generator_c__visibility_control.h
[19.053s] -- Installing: /home/dharani/ros2_ws/install/ros2_custom_msgs/share/ros2_custom_msgs/environment/library_path.sh
[19.054s] -- Installing: /home/dharani/ros2_ws/install/ros2_custom_msgs/share/ros2_custom_msgs/environment/library_path.dsv
[19.054s] -- Installing: /home/dharani/ros2_ws/install/ros2_custom_msgs/lib/libros2_custom_msgs__rosidl_generator_c.so
[19.056s] -- Set non-toolchain portion of runtime path of "/home/dharani/ros2_ws/install/ros2_custom_msgs/lib/libros2_custom_msgs__rosidl_generator_c.so" to ""
[19.056s] -- Up-to-date: /home/dharani/ros2_ws/install/ros2_custom_msgs/include/ros2_custom_msgs/ros2_custom_msgs
[19.056s] -- Up-to-date: /home/dharani/ros2_ws/install/ros2_custom_msgs/include/ros2_custom_msgs/ros2_custom_msgs/msg
[19.056s] -- Installing: /home/dharani/ros2_ws/install/ros2_custom_msgs/include/ros2_custom_msgs/ros2_custom_msgs/msg/rosidl_typesupport_fastrtps_c__visibility_control.h
[19.056s] -- Up-to-date: /home/dharani/ros2_ws/install/ros2_custom_msgs/include/ros2_custom_msgs/ros2_custom_msgs/msg/detail
[19.056s] -- Installing: /home/dharani/ros2_ws/install/ros2_custom_msgs/include/ros2_custom_msgs/ros2_custom_msgs/msg/detail/robot_status__rosidl_typesupport_fastrtps_c.h
[19.056s] -- Installing: /home/dharani/ros2_ws/install/ros2_custom_msgs/lib/libros2_custom_msgs__rosidl_typesupport_fastrtps_c.so
[19.056s] -- Set non-toolchain portion of runtime path of "/home/dharani/ros2_ws/install/ros2_custom_msgs/lib/libros2_custom_msgs__rosidl_typesupport_fastrtps_c.so" to ""
[19.057s] -- Up-to-date: /home/dharani/ros2_ws/install/ros2_custom_msgs/include/ros2_custom_msgs/ros2_custom_msgs
[19.057s] -- Up-to-date: /home/dharani/ros2_ws/install/ros2_custom_msgs/include/ros2_custom_msgs/ros2_custom_msgs/msg
[19.057s] -- Installing: /home/dharani/ros2_ws/install/ros2_custom_msgs/include/ros2_custom_msgs/ros2_custom_msgs/msg/robot_status.hpp
[19.057s] -- Installing: /home/dharani/ros2_ws/install/ros2_custom_msgs/include/ros2_custom_msgs/ros2_custom_msgs/msg/rosidl_generator_cpp__visibility_control.hpp
[19.057s] -- Up-to-date: /home/dharani/ros2_ws/install/ros2_custom_msgs/include/ros2_custom_msgs/ros2_custom_msgs/msg/detail
[19.058s] -- Installing: /home/dharani/ros2_ws/install/ros2_custom_msgs/include/ros2_custom_msgs/ros2_custom_msgs/msg/detail/robot_status__traits.hpp
[19.058s] -- Installing: /home/dharani/ros2_ws/install/ros2_custom_msgs/include/ros2_custom_msgs/ros2_custom_msgs/msg/detail/robot_status__struct.hpp
[19.058s] -- Installing: /home/dharani/ros2_ws/install/ros2_custom_msgs/include/ros2_custom_msgs/ros2_custom_msgs/msg/detail/robot_status__type_support.hpp
[19.058s] -- Installing: /home/dharani/ros2_ws/install/ros2_custom_msgs/include/ros2_custom_msgs/ros2_custom_msgs/msg/detail/robot_status__builder.hpp
[19.058s] -- Up-to-date: /home/dharani/ros2_ws/install/ros2_custom_msgs/include/ros2_custom_msgs/ros2_custom_msgs
[19.058s] -- Up-to-date: /home/dharani/ros2_ws/install/ros2_custom_msgs/include/ros2_custom_msgs/ros2_custom_msgs/msg
[19.058s] -- Installing: /home/dharani/ros2_ws/install/ros2_custom_msgs/include/ros2_custom_msgs/ros2_custom_msgs/msg/rosidl_typesupport_fastrtps_cpp__visibility_control.h
[19.058s] -- Up-to-date: /home/dharani/ros2_ws/install/ros2_custom_msgs/include/ros2_custom_msgs/ros2_custom_msgs/msg/detail
[19.059s] -- Installing: /home/dharani/ros2_ws/install/ros2_custom_msgs/include/ros2_custom_msgs/ros2_custom_msgs/msg/detail/dds_fastrtps
[19.059s] -- Installing: /home/dharani/ros2_ws/install/ros2_custom_msgs/include/ros2_custom_msgs/ros2_custom_msgs/msg/detail/robot_status__rosidl_typesupport_fastrtps_cpp.hpp
[19.059s] -- Installing: /home/dharani/ros2_ws/install/ros2_custom_msgs/lib/libros2_custom_msgs__rosidl_typesupport_fastrtps_cpp.so
[19.059s] -- Set non-toolchain portion of runtime path of "/home/dharani/ros2_ws/install/ros2_custom_msgs/lib/libros2_custom_msgs__rosidl_typesupport_fastrtps_cpp.so" to ""
[19.059s] -- Up-to-date: /home/dharani/ros2_ws/install/ros2_custom_msgs/include/ros2_custom_msgs/ros2_custom_msgs
[19.059s] -- Up-to-date: /home/dharani/ros2_ws/install/ros2_custom_msgs/include/ros2_custom_msgs/ros2_custom_msgs/msg
[19.059s] -- Up-to-date: /home/dharani/ros2_ws/install/ros2_custom_msgs/include/ros2_custom_msgs/ros2_custom_msgs/msg/detail
[19.059s] -- Installing: /home/dharani/ros2_ws/install/ros2_custom_msgs/include/ros2_custom_msgs/ros2_custom_msgs/msg/detail/robot_status__type_support.c
[19.060s] -- Installing: /home/dharani/ros2_ws/install/ros2_custom_msgs/include/ros2_custom_msgs/ros2_custom_msgs/msg/detail/robot_status__rosidl_typesupport_introspection_c.h
[19.060s] -- Installing: /home/dharani/ros2_ws/install/ros2_custom_msgs/include/ros2_custom_msgs/ros2_custom_msgs/msg/rosidl_typesupport_introspection_c__visibility_control.h
[19.060s] -- Installing: /home/dharani/ros2_ws/install/ros2_custom_msgs/lib/libros2_custom_msgs__rosidl_typesupport_introspection_c.so
[19.060s] -- Set non-toolchain portion of runtime path of "/home/dharani/ros2_ws/install/ros2_custom_msgs/lib/libros2_custom_msgs__rosidl_typesupport_introspection_c.so" to ""
[19.060s] -- Installing: /home/dharani/ros2_ws/install/ros2_custom_msgs/lib/libros2_custom_msgs__rosidl_typesupport_c.so
[19.060s] -- Set non-toolchain portion of runtime path of "/home/dharani/ros2_ws/install/ros2_custom_msgs/lib/libros2_custom_msgs__rosidl_typesupport_c.so" to ""
[19.060s] -- Up-to-date: /home/dharani/ros2_ws/install/ros2_custom_msgs/include/ros2_custom_msgs/ros2_custom_msgs
[19.060s] -- Up-to-date: /home/dharani/ros2_ws/install/ros2_custom_msgs/include/ros2_custom_msgs/ros2_custom_msgs/msg
[19.060s] -- Up-to-date: /home/dharani/ros2_ws/install/ros2_custom_msgs/include/ros2_custom_msgs/ros2_custom_msgs/msg/detail
[19.060s] -- Installing: /home/dharani/ros2_ws/install/ros2_custom_msgs/include/ros2_custom_msgs/ros2_custom_msgs/msg/detail/robot_status__rosidl_typesupport_introspection_cpp.hpp
[19.061s] -- Installing: /home/dharani/ros2_ws/install/ros2_custom_msgs/include/ros2_custom_msgs/ros2_custom_msgs/msg/detail/robot_status__type_support.cpp
[19.061s] -- Installing: /home/dharani/ros2_ws/install/ros2_custom_msgs/lib/libros2_custom_msgs__rosidl_typesupport_introspection_cpp.so
[19.061s] -- Set non-toolchain portion of runtime path of "/home/dharani/ros2_ws/install/ros2_custom_msgs/lib/libros2_custom_msgs__rosidl_typesupport_introspection_cpp.so" to ""
[19.061s] -- Installing: /home/dharani/ros2_ws/install/ros2_custom_msgs/lib/libros2_custom_msgs__rosidl_typesupport_cpp.so
[19.061s] -- Set non-toolchain portion of runtime path of "/home/dharani/ros2_ws/install/ros2_custom_msgs/lib/libros2_custom_msgs__rosidl_typesupport_cpp.so" to ""
[19.061s] -- Installing: /home/dharani/ros2_ws/install/ros2_custom_msgs/share/ros2_custom_msgs/environment/pythonpath.sh
[19.062s] -- Installing: /home/dharani/ros2_ws/install/ros2_custom_msgs/share/ros2_custom_msgs/environment/pythonpath.dsv
[19.062s] -- Installing: /home/dharani/ros2_ws/install/ros2_custom_msgs/lib/python3.12/site-packages/ros2_custom_msgs-0.0.0-py3.12.egg-info
[19.062s] -- Installing: /home/dharani/ros2_ws/install/ros2_custom_msgs/lib/python3.12/site-packages/ros2_custom_msgs-0.0.0-py3.12.egg-info/SOURCES.txt
[19.062s] -- Installing: /home/dharani/ros2_ws/install/ros2_custom_msgs/lib/python3.12/site-packages/ros2_custom_msgs-0.0.0-py3.12.egg-info/top_level.txt
[19.062s] -- Installing: /home/dharani/ros2_ws/install/ros2_custom_msgs/lib/python3.12/site-packages/ros2_custom_msgs-0.0.0-py3.12.egg-info/PKG-INFO
[19.063s] -- Installing: /home/dharani/ros2_ws/install/ros2_custom_msgs/lib/python3.12/site-packages/ros2_custom_msgs-0.0.0-py3.12.egg-info/dependency_links.txt
[19.063s] -- Installing: /home/dharani/ros2_ws/install/ros2_custom_msgs/lib/python3.12/site-packages/ros2_custom_msgs
[19.063s] -- Installing: /home/dharani/ros2_ws/install/ros2_custom_msgs/lib/python3.12/site-packages/ros2_custom_msgs/msg
[19.063s] -- Installing: /home/dharani/ros2_ws/install/ros2_custom_msgs/lib/python3.12/site-packages/ros2_custom_msgs/msg/_robot_status.py
[19.063s] -- Installing: /home/dharani/ros2_ws/install/ros2_custom_msgs/lib/python3.12/site-packages/ros2_custom_msgs/msg/__init__.py
[19.063s] -- Installing: /home/dharani/ros2_ws/install/ros2_custom_msgs/lib/python3.12/site-packages/ros2_custom_msgs/msg/_robot_status_s.c
[19.063s] -- Installing: /home/dharani/ros2_ws/install/ros2_custom_msgs/lib/python3.12/site-packages/ros2_custom_msgs/ros2_custom_msgs_s__rosidl_typesupport_c.so
[19.064s] -- Installing: /home/dharani/ros2_ws/install/ros2_custom_msgs/lib/python3.12/site-packages/ros2_custom_msgs/_ros2_custom_msgs_s.ep.rosidl_typesupport_c.c
[19.064s] -- Installing: /home/dharani/ros2_ws/install/ros2_custom_msgs/lib/python3.12/site-packages/ros2_custom_msgs/__init__.py
[19.064s] -- Installing: /home/dharani/ros2_ws/install/ros2_custom_msgs/lib/python3.12/site-packages/ros2_custom_msgs/ros2_custom_msgs_s__rosidl_typesupport_introspection_c.so
[19.064s] -- Installing: /home/dharani/ros2_ws/install/ros2_custom_msgs/lib/python3.12/site-packages/ros2_custom_msgs/_ros2_custom_msgs_s.ep.rosidl_typesupport_introspection_c.c
[19.064s] -- Installing: /home/dharani/ros2_ws/install/ros2_custom_msgs/lib/python3.12/site-packages/ros2_custom_msgs/ros2_custom_msgs_s__rosidl_typesupport_fastrtps_c.so
[19.064s] -- Installing: /home/dharani/ros2_ws/install/ros2_custom_msgs/lib/python3.12/site-packages/ros2_custom_msgs/_ros2_custom_msgs_s.ep.rosidl_typesupport_fastrtps_c.c
[19.126s] Listing '/home/dharani/ros2_ws/install/ros2_custom_msgs/lib/python3.12/site-packages/ros2_custom_msgs'...
[19.126s] Compiling '/home/dharani/ros2_ws/install/ros2_custom_msgs/lib/python3.12/site-packages/ros2_custom_msgs/__init__.py'...
[19.126s] Listing '/home/dharani/ros2_ws/install/ros2_custom_msgs/lib/python3.12/site-packages/ros2_custom_msgs/msg'...
[19.126s] Compiling '/home/dharani/ros2_ws/install/ros2_custom_msgs/lib/python3.12/site-packages/ros2_custom_msgs/msg/__init__.py'...
[19.126s] Compiling '/home/dharani/ros2_ws/install/ros2_custom_msgs/lib/python3.12/site-packages/ros2_custom_msgs/msg/_robot_status.py'...
[19.134s] -- Installing: /home/dharani/ros2_ws/install/ros2_custom_msgs/lib/python3.12/site-packages/ros2_custom_msgs/ros2_custom_msgs_s__rosidl_typesupport_fastrtps_c.so
[19.134s] -- Set non-toolchain portion of runtime path of "/home/dharani/ros2_ws/install/ros2_custom_msgs/lib/python3.12/site-packages/ros2_custom_msgs/ros2_custom_msgs_s__rosidl_typesupport_fastrtps_c.so" to ""
[19.134s] -- Installing: /home/dharani/ros2_ws/install/ros2_custom_msgs/lib/python3.12/site-packages/ros2_custom_msgs/ros2_custom_msgs_s__rosidl_typesupport_introspection_c.so
[19.135s] -- Set non-toolchain portion of runtime path of "/home/dharani/ros2_ws/install/ros2_custom_msgs/lib/python3.12/site-packages/ros2_custom_msgs/ros2_custom_msgs_s__rosidl_typesupport_introspection_c.so" to ""
[19.135s] -- Installing: /home/dharani/ros2_ws/install/ros2_custom_msgs/lib/python3.12/site-packages/ros2_custom_msgs/ros2_custom_msgs_s__rosidl_typesupport_c.so
[19.135s] -- Set non-toolchain portion of runtime path of "/home/dharani/ros2_ws/install/ros2_custom_msgs/lib/python3.12/site-packages/ros2_custom_msgs/ros2_custom_msgs_s__rosidl_typesupport_c.so" to ""
[19.135s] -- Installing: /home/dharani/ros2_ws/install/ros2_custom_msgs/lib/libros2_custom_msgs__rosidl_generator_py.so
[19.135s] -- Set non-toolchain portion of runtime path of "/home/dharani/ros2_ws/install/ros2_custom_msgs/lib/libros2_custom_msgs__rosidl_generator_py.so" to ""
[19.135s] -- Installing: /home/dharani/ros2_ws/install/ros2_custom_msgs/share/ros2_custom_msgs/msg/RobotStatus.idl
[19.135s] -- Installing: /home/dharani/ros2_ws/install/ros2_custom_msgs/share/ros2_custom_msgs/msg/RobotStatus.msg
[19.136s] -- Installing: /home/dharani/ros2_ws/install/ros2_custom_msgs/lib/ros2_custom_msgs/status_publisher
[19.137s] -- Set non-toolchain portion of runtime path of "/home/dharani/ros2_ws/install/ros2_custom_msgs/lib/ros2_custom_msgs/status_publisher" to ""
[19.138s] -- Installing: /home/dharani/ros2_ws/install/ros2_custom_msgs/share/ament_index/resource_index/package_run_dependencies/ros2_custom_msgs
[19.138s] -- Installing: /home/dharani/ros2_ws/install/ros2_custom_msgs/share/ament_index/resource_index/parent_prefix_path/ros2_custom_msgs
[19.138s] -- Installing: /home/dharani/ros2_ws/install/ros2_custom_msgs/share/ros2_custom_msgs/environment/ament_prefix_path.sh
[19.138s] -- Installing: /home/dharani/ros2_ws/install/ros2_custom_msgs/share/ros2_custom_msgs/environment/ament_prefix_path.dsv
[19.138s] -- Installing: /home/dharani/ros2_ws/install/ros2_custom_msgs/share/ros2_custom_msgs/environment/path.sh
[19.138s] -- Installing: /home/dharani/ros2_ws/install/ros2_custom_msgs/share/ros2_custom_msgs/environment/path.dsv
[19.138s] -- Installing: /home/dharani/ros2_ws/install/ros2_custom_msgs/share/ros2_custom_msgs/local_setup.bash
[19.139s] -- Installing: /home/dharani/ros2_ws/install/ros2_custom_msgs/share/ros2_custom_msgs/local_setup.sh
[19.139s] -- Installing: /home/dharani/ros2_ws/install/ros2_custom_msgs/share/ros2_custom_msgs/local_setup.zsh
[19.143s] -- Installing: /home/dharani/ros2_ws/install/ros2_custom_msgs/share/ros2_custom_msgs/local_setup.dsv
[19.143s] -- Installing: /home/dharani/ros2_ws/install/ros2_custom_msgs/share/ros2_custom_msgs/package.dsv
[19.143s] -- Installing: /home/dharani/ros2_ws/install/ros2_custom_msgs/share/ament_index/resource_index/packages/ros2_custom_msgs
[19.143s] -- Installing: /home/dharani/ros2_ws/install/ros2_custom_msgs/share/ros2_custom_msgs/cmake/export_ros2_custom_msgs__rosidl_generator_cExport.cmake
[19.143s] -- Installing: /home/dharani/ros2_ws/install/ros2_custom_msgs/share/ros2_custom_msgs/cmake/export_ros2_custom_msgs__rosidl_generator_cExport-noconfig.cmake
[19.143s] -- Installing: /home/dharani/ros2_ws/install/ros2_custom_msgs/share/ros2_custom_msgs/cmake/export_ros2_custom_msgs__rosidl_typesupport_fastrtps_cExport.cmake
[19.143s] -- Installing: /home/dharani/ros2_ws/install/ros2_custom_msgs/share/ros2_custom_msgs/cmake/export_ros2_custom_msgs__rosidl_typesupport_fastrtps_cExport-noconfig.cmake
[19.143s] -- Installing: /home/dharani/ros2_ws/install/ros2_custom_msgs/share/ros2_custom_msgs/cmake/export_ros2_custom_msgs__rosidl_generator_cppExport.cmake
[19.143s] -- Installing: /home/dharani/ros2_ws/install/ros2_custom_msgs/share/ros2_custom_msgs/cmake/export_ros2_custom_msgs__rosidl_typesupport_fastrtps_cppExport.cmake
[19.144s] -- Installing: /home/dharani/ros2_ws/install/ros2_custom_msgs/share/ros2_custom_msgs/cmake/export_ros2_custom_msgs__rosidl_typesupport_fastrtps_cppExport-noconfig.cmake
[19.144s] -- Installing: /home/dharani/ros2_ws/install/ros2_custom_msgs/share/ros2_custom_msgs/cmake/ros2_custom_msgs__rosidl_typesupport_introspection_cExport.cmake
[19.144s] -- Installing: /home/dharani/ros2_ws/install/ros2_custom_msgs/share/ros2_custom_msgs/cmake/ros2_custom_msgs__rosidl_typesupport_introspection_cExport-noconfig.cmake
[19.144s] -- Installing: /home/dharani/ros2_ws/install/ros2_custom_msgs/share/ros2_custom_msgs/cmake/ros2_custom_msgs__rosidl_typesupport_cExport.cmake
[19.144s] -- Installing: /home/dharani/ros2_ws/install/ros2_custom_msgs/share/ros2_custom_msgs/cmake/ros2_custom_msgs__rosidl_typesupport_cExport-noconfig.cmake
[19.144s] -- Installing: /home/dharani/ros2_ws/install/ros2_custom_msgs/share/ros2_custom_msgs/cmake/ros2_custom_msgs__rosidl_typesupport_introspection_cppExport.cmake
[19.145s] -- Installing: /home/dharani/ros2_ws/install/ros2_custom_msgs/share/ros2_custom_msgs/cmake/ros2_custom_msgs__rosidl_typesupport_introspection_cppExport-noconfig.cmake
[19.145s] -- Installing: /home/dharani/ros2_ws/install/ros2_custom_msgs/share/ros2_custom_msgs/cmake/ros2_custom_msgs__rosidl_typesupport_cppExport.cmake
[19.145s] -- Installing: /home/dharani/ros2_ws/install/ros2_custom_msgs/share/ros2_custom_msgs/cmake/ros2_custom_msgs__rosidl_typesupport_cppExport-noconfig.cmake
[19.145s] -- Installing: /home/dharani/ros2_ws/install/ros2_custom_msgs/share/ros2_custom_msgs/cmake/export_ros2_custom_msgs__rosidl_generator_pyExport.cmake
[19.146s] -- Installing: /home/dharani/ros2_ws/install/ros2_custom_msgs/share/ros2_custom_msgs/cmake/export_ros2_custom_msgs__rosidl_generator_pyExport-noconfig.cmake
[19.146s] -- Installing: /home/dharani/ros2_ws/install/ros2_custom_msgs/share/ros2_custom_msgs/cmake/rosidl_cmake-extras.cmake
[19.146s] -- Installing: /home/dharani/ros2_ws/install/ros2_custom_msgs/share/ros2_custom_msgs/cmake/ament_cmake_export_include_directories-extras.cmake
[19.146s] -- Installing: /home/dharani/ros2_ws/install/ros2_custom_msgs/share/ros2_custom_msgs/cmake/ament_cmake_export_libraries-extras.cmake
[19.146s] -- Installing: /home/dharani/ros2_ws/install/ros2_custom_msgs/share/ros2_custom_msgs/cmake/ament_cmake_export_targets-extras.cmake
[19.146s] -- Installing: /home/dharani/ros2_ws/install/ros2_custom_msgs/share/ros2_custom_msgs/cmake/rosidl_cmake_export_typesupport_targets-extras.cmake
[19.147s] -- Installing: /home/dharani/ros2_ws/install/ros2_custom_msgs/share/ros2_custom_msgs/cmake/ament_cmake_export_dependencies-extras.cmake
[19.147s] -- Installing: /home/dharani/ros2_ws/install/ros2_custom_msgs/share/ros2_custom_msgs/cmake/rosidl_cmake_export_typesupport_libraries-extras.cmake
[19.147s] -- Installing: /home/dharani/ros2_ws/install/ros2_custom_msgs/share/ros2_custom_msgs/cmake/ros2_custom_msgsConfig.cmake
[19.148s] -- Installing: /home/dharani/ros2_ws/install/ros2_custom_msgs/share/ros2_custom_msgs/cmake/ros2_custom_msgsConfig-version.cmake
[19.148s] -- Installing: /home/dharani/ros2_ws/install/ros2_custom_msgs/share/ros2_custom_msgs/package.xml
[19.148s] Invoked command in '/home/dharani/ros2_ws/build/ros2_custom_msgs' returned '0': /usr/bin/cmake --install /home/dharani/ros2_ws/build/ros2_custom_msgs
